c:\nu\c++2\engine\projectsetup\x64\debug\engine.pdb
c:\nu\c++2\engine\projectsetup\x64\debug\engine.idb
c:\nu\c++2\engine\projectsetup\engine\x64\debug\scene.obj
c:\nu\c++2\engine\projectsetup\engine\x64\debug\model.obj
c:\nu\c++2\engine\projectsetup\engine\x64\debug\engine.obj
c:\nu\c++2\engine\projectsetup\engine\x64\debug\actor.obj
c:\nu\c++2\engine\projectsetup\engine\x64\debug\renderer.obj
c:\nu\c++2\engine\projectsetup\engine\x64\debug\particle.obj
c:\nu\c++2\engine\projectsetup\engine\x64\debug\input.obj
c:\nu\c++2\engine\projectsetup\engine\x64\debug\header.obj
c:\nu\c++2\engine\projectsetup\engine\x64\debug\e_time.obj
c:\nu\c++2\engine\projectsetup\engine\x64\debug\audio.obj
c:\nu\c++2\engine\projectsetup\engine\x64\debug\font.obj
c:\nu\c++2\engine\projectsetup\engine\x64\debug\text.obj
c:\nu\c++2\engine\projectsetup\x64\debug\engine.lib
c:\nu\c++2\engine\projectsetup\engine\x64\debug\engine.tlog\cl.command.1.tlog
c:\nu\c++2\engine\projectsetup\engine\x64\debug\engine.tlog\cl.items.tlog
c:\nu\c++2\engine\projectsetup\engine\x64\debug\engine.tlog\cl.read.1.tlog
c:\nu\c++2\engine\projectsetup\engine\x64\debug\engine.tlog\cl.write.1.tlog
c:\nu\c++2\engine\projectsetup\engine\x64\debug\engine.tlog\lib-link.read.1.tlog
c:\nu\c++2\engine\projectsetup\engine\x64\debug\engine.tlog\lib-link.write.1.tlog
c:\nu\c++2\engine\projectsetup\engine\x64\debug\engine.tlog\lib.command.1.tlog
